<?xml version="1.0" encoding="UTF-8"?>
<testng-results ignored="0" total="1" passed="1" failed="0" skipped="0">
  <reporter-output>
  </reporter-output>
  <suite started-at="2022-08-19T23:30:51 IST" name="Default suite" finished-at="2022-08-19T23:31:00 IST" duration-ms="8980">
    <groups>
    </groups>
    <test started-at="2022-08-19T23:30:51 IST" name="Default test" finished-at="2022-08-19T23:31:00 IST" duration-ms="8980">
      <class name="Testgit">
        <test-method signature="openBrowser()[pri:0, instance:Testgit@169e6180]" started-at="2022-08-19T23:30:51 IST" name="openBrowser" finished-at="2022-08-19T23:31:00 IST" duration-ms="8931" status="PASS">
          <reporter-output>
          </reporter-output>
        </test-method> <!-- openBrowser -->
      </class> <!-- Testgit -->
    </test> <!-- Default test -->
  </suite> <!-- Default suite -->
</testng-results>
